d:\coding\compilemethod\seu_yacc\seu_yacc\seu_yacc\release\vc142.pdb
d:\coding\compilemethod\seu_yacc\seu_yacc\seu_yacc\release\read_yacc.obj
d:\coding\compilemethod\seu_yacc\seu_yacc\seu_yacc\release\production_rules_standardize.obj
d:\coding\compilemethod\seu_yacc\seu_yacc\seu_yacc\release\main.obj
d:\coding\compilemethod\seu_yacc\seu_yacc\seu_yacc\release\lr1_to_lalr.obj
d:\coding\compilemethod\seu_yacc\seu_yacc\seu_yacc\release\gengerate_code.obj
d:\coding\compilemethod\seu_yacc\seu_yacc\seu_yacc\release\convert.obj
d:\coding\compilemethod\seu_yacc\seu_yacc\seu_yacc\release\construct_table.obj
d:\coding\compilemethod\seu_yacc\seu_yacc\seu_yacc\release\construct_lr1.obj
d:\coding\compilemethod\seu_yacc\seu_yacc\seu_yacc\release\calculate_first.obj
d:\coding\compilemethod\seu_yacc\seu_yacc\release\seu_yacc.ipdb
d:\coding\compilemethod\seu_yacc\seu_yacc\release\seu_yacc.iobj
d:\coding\compilemethod\seu_yacc\seu_yacc\release\seu_yacc.pdb
d:\coding\compilemethod\seu_yacc\seu_yacc\seu_yacc\release\seu_yacc.tlog\cl.command.1.tlog
d:\coding\compilemethod\seu_yacc\seu_yacc\seu_yacc\release\seu_yacc.tlog\cl.read.1.tlog
d:\coding\compilemethod\seu_yacc\seu_yacc\seu_yacc\release\seu_yacc.tlog\cl.write.1.tlog
d:\coding\compilemethod\seu_yacc\seu_yacc\seu_yacc\release\seu_yacc.tlog\link.command.1.tlog
d:\coding\compilemethod\seu_yacc\seu_yacc\seu_yacc\release\seu_yacc.tlog\link.read.1.tlog
d:\coding\compilemethod\seu_yacc\seu_yacc\seu_yacc\release\seu_yacc.tlog\link.write.1.tlog
d:\coding\compilemethod\seu_yacc\seu_yacc\seu_yacc\release\seu_yacc.tlog\seu_yacc.write.1u.tlog
