d:\coding\compilemethod\seu_yacc\seu_yacc\seu_yacc\debug\vc142.pdb
d:\coding\compilemethod\seu_yacc\seu_yacc\seu_yacc\debug\vc142.idb
d:\coding\compilemethod\seu_yacc\seu_yacc\seu_yacc\debug\read_yacc.obj
d:\coding\compilemethod\seu_yacc\seu_yacc\seu_yacc\debug\production_rules_standardize.obj
d:\coding\compilemethod\seu_yacc\seu_yacc\seu_yacc\debug\lr1_to_lalr.obj
d:\coding\compilemethod\seu_yacc\seu_yacc\seu_yacc\debug\gengerate_code.obj
d:\coding\compilemethod\seu_yacc\seu_yacc\seu_yacc\debug\construct_table.obj
d:\coding\compilemethod\seu_yacc\seu_yacc\seu_yacc\debug\construct_lr1.obj
d:\coding\compilemethod\seu_yacc\seu_yacc\seu_yacc\debug\calculate_first.obj
d:\coding\compilemethod\seu_yacc\seu_yacc\seu_yacc\debug\main.obj
d:\coding\compilemethod\seu_yacc\seu_yacc\debug\seu_yacc.pdb
d:\coding\compilemethod\seu_yacc\seu_yacc\seu_yacc\debug\seu_yacc.tlog\cl.command.1.tlog
d:\coding\compilemethod\seu_yacc\seu_yacc\seu_yacc\debug\seu_yacc.tlog\cl.read.1.tlog
d:\coding\compilemethod\seu_yacc\seu_yacc\seu_yacc\debug\seu_yacc.tlog\cl.write.1.tlog
d:\coding\compilemethod\seu_yacc\seu_yacc\seu_yacc\debug\seu_yacc.tlog\link-cvtres.read.1.tlog
d:\coding\compilemethod\seu_yacc\seu_yacc\seu_yacc\debug\seu_yacc.tlog\link-cvtres.write.1.tlog
d:\coding\compilemethod\seu_yacc\seu_yacc\seu_yacc\debug\seu_yacc.tlog\link-rc.read.1.tlog
d:\coding\compilemethod\seu_yacc\seu_yacc\seu_yacc\debug\seu_yacc.tlog\link-rc.write.1.tlog
d:\coding\compilemethod\seu_yacc\seu_yacc\seu_yacc\debug\seu_yacc.tlog\link.command.1.tlog
d:\coding\compilemethod\seu_yacc\seu_yacc\seu_yacc\debug\seu_yacc.tlog\link.read.1.tlog
d:\coding\compilemethod\seu_yacc\seu_yacc\seu_yacc\debug\seu_yacc.tlog\link.write.1.tlog
